2020-05-02 12:04:08 Error: [MissingControllerException] Controller class BooksController could not be found.
Exception Attributes: array (
  'class' => 'BooksController',
  'plugin' => NULL,
)
Request URL: /cake/books/index
Stack Trace:
#0 C:\xampp\htdocs\cake\app\webroot\index.php(117): Dispatcher->dispatch(Object(CakeRequest), Object(CakeResponse))
#1 {main}
2020-05-02 12:09:56 Error: [MissingControllerException] Controller class BooksController could not be found.
Exception Attributes: array (
  'class' => 'BooksController',
  'plugin' => NULL,
)
Request URL: /cake/books/index
Stack Trace:
#0 C:\xampp\htdocs\cake\app\webroot\index.php(117): Dispatcher->dispatch(Object(CakeRequest), Object(CakeResponse))
#1 {main}
2020-05-02 12:12:43 Error: [MissingControllerException] Controller class BooksController could not be found.
Exception Attributes: array (
  'class' => 'BooksController',
  'plugin' => NULL,
)
Request URL: /cake/books/
Stack Trace:
#0 C:\xampp\htdocs\cake\app\webroot\index.php(117): Dispatcher->dispatch(Object(CakeRequest), Object(CakeResponse))
#1 {main}
2020-05-02 12:15:10 Error: [MissingControllerException] Controller class BooksController could not be found.
Exception Attributes: array (
  'class' => 'BooksController',
  'plugin' => NULL,
)
Request URL: /cake/books/
Stack Trace:
#0 C:\xampp\htdocs\cake\app\webroot\index.php(117): Dispatcher->dispatch(Object(CakeRequest), Object(CakeResponse))
#1 {main}
2020-05-02 12:15:11 Error: [MissingControllerException] Controller class BooksController could not be found.
Exception Attributes: array (
  'class' => 'BooksController',
  'plugin' => NULL,
)
Request URL: /cake/books/
Stack Trace:
#0 C:\xampp\htdocs\cake\app\webroot\index.php(117): Dispatcher->dispatch(Object(CakeRequest), Object(CakeResponse))
#1 {main}
2020-05-02 12:15:11 Error: [MissingControllerException] Controller class BooksController could not be found.
Exception Attributes: array (
  'class' => 'BooksController',
  'plugin' => NULL,
)
Request URL: /cake/books/
Stack Trace:
#0 C:\xampp\htdocs\cake\app\webroot\index.php(117): Dispatcher->dispatch(Object(CakeRequest), Object(CakeResponse))
#1 {main}
2020-05-02 12:15:11 Error: [MissingControllerException] Controller class BooksController could not be found.
Exception Attributes: array (
  'class' => 'BooksController',
  'plugin' => NULL,
)
Request URL: /cake/books/
Stack Trace:
#0 C:\xampp\htdocs\cake\app\webroot\index.php(117): Dispatcher->dispatch(Object(CakeRequest), Object(CakeResponse))
#1 {main}
2020-05-02 12:15:11 Error: [MissingControllerException] Controller class BooksController could not be found.
Exception Attributes: array (
  'class' => 'BooksController',
  'plugin' => NULL,
)
Request URL: /cake/books/
Stack Trace:
#0 C:\xampp\htdocs\cake\app\webroot\index.php(117): Dispatcher->dispatch(Object(CakeRequest), Object(CakeResponse))
#1 {main}
2020-05-02 12:18:12 Error: [MissingControllerException] Controller class BooksController could not be found.
Exception Attributes: array (
  'class' => 'BooksController',
  'plugin' => NULL,
)
Request URL: /cake/books/index
Stack Trace:
#0 C:\xampp\htdocs\cake\app\webroot\index.php(117): Dispatcher->dispatch(Object(CakeRequest), Object(CakeResponse))
#1 {main}
2020-05-02 12:18:12 Error: [MissingControllerException] Controller class BooksController could not be found.
Exception Attributes: array (
  'class' => 'BooksController',
  'plugin' => NULL,
)
Request URL: /cake/books/index
Stack Trace:
#0 C:\xampp\htdocs\cake\app\webroot\index.php(117): Dispatcher->dispatch(Object(CakeRequest), Object(CakeResponse))
#1 {main}
2020-05-02 12:18:13 Error: [MissingControllerException] Controller class BooksController could not be found.
Exception Attributes: array (
  'class' => 'BooksController',
  'plugin' => NULL,
)
Request URL: /cake/books/index
Stack Trace:
#0 C:\xampp\htdocs\cake\app\webroot\index.php(117): Dispatcher->dispatch(Object(CakeRequest), Object(CakeResponse))
#1 {main}
2020-05-02 12:18:13 Error: [MissingControllerException] Controller class BooksController could not be found.
Exception Attributes: array (
  'class' => 'BooksController',
  'plugin' => NULL,
)
Request URL: /cake/books/index
Stack Trace:
#0 C:\xampp\htdocs\cake\app\webroot\index.php(117): Dispatcher->dispatch(Object(CakeRequest), Object(CakeResponse))
#1 {main}
2020-05-02 12:18:16 Error: [MissingControllerException] Controller class BooksController could not be found.
Exception Attributes: array (
  'class' => 'BooksController',
  'plugin' => NULL,
)
Request URL: /cake/books/
Stack Trace:
#0 C:\xampp\htdocs\cake\app\webroot\index.php(117): Dispatcher->dispatch(Object(CakeRequest), Object(CakeResponse))
#1 {main}
2020-05-02 12:18:19 Error: [MissingControllerException] Controller class BooksController could not be found.
Exception Attributes: array (
  'class' => 'BooksController',
  'plugin' => NULL,
)
Request URL: /cake/books/
Stack Trace:
#0 C:\xampp\htdocs\cake\app\webroot\index.php(117): Dispatcher->dispatch(Object(CakeRequest), Object(CakeResponse))
#1 {main}
2020-05-02 12:18:19 Error: [MissingControllerException] Controller class BooksController could not be found.
Exception Attributes: array (
  'class' => 'BooksController',
  'plugin' => NULL,
)
Request URL: /cake/books/
Stack Trace:
#0 C:\xampp\htdocs\cake\app\webroot\index.php(117): Dispatcher->dispatch(Object(CakeRequest), Object(CakeResponse))
#1 {main}
2020-05-02 12:18:19 Error: [MissingControllerException] Controller class BooksController could not be found.
Exception Attributes: array (
  'class' => 'BooksController',
  'plugin' => NULL,
)
Request URL: /cake/books/
Stack Trace:
#0 C:\xampp\htdocs\cake\app\webroot\index.php(117): Dispatcher->dispatch(Object(CakeRequest), Object(CakeResponse))
#1 {main}
2020-05-02 12:18:19 Error: [MissingControllerException] Controller class BooksController could not be found.
Exception Attributes: array (
  'class' => 'BooksController',
  'plugin' => NULL,
)
Request URL: /cake/books/
Stack Trace:
#0 C:\xampp\htdocs\cake\app\webroot\index.php(117): Dispatcher->dispatch(Object(CakeRequest), Object(CakeResponse))
#1 {main}
2020-05-02 12:19:29 Error: [MissingControllerException] Controller class BooksController could not be found.
Exception Attributes: array (
  'class' => 'BooksController',
  'plugin' => NULL,
)
Request URL: /cake/books/
Stack Trace:
#0 C:\xampp\htdocs\cake\app\webroot\index.php(117): Dispatcher->dispatch(Object(CakeRequest), Object(CakeResponse))
#1 {main}
2020-05-02 12:19:29 Error: [MissingControllerException] Controller class BooksController could not be found.
Exception Attributes: array (
  'class' => 'BooksController',
  'plugin' => NULL,
)
Request URL: /cake/books/
Stack Trace:
#0 C:\xampp\htdocs\cake\app\webroot\index.php(117): Dispatcher->dispatch(Object(CakeRequest), Object(CakeResponse))
#1 {main}
2020-05-02 12:19:29 Error: [MissingControllerException] Controller class BooksController could not be found.
Exception Attributes: array (
  'class' => 'BooksController',
  'plugin' => NULL,
)
Request URL: /cake/books/
Stack Trace:
#0 C:\xampp\htdocs\cake\app\webroot\index.php(117): Dispatcher->dispatch(Object(CakeRequest), Object(CakeResponse))
#1 {main}
2020-05-02 12:19:29 Error: [MissingControllerException] Controller class BooksController could not be found.
Exception Attributes: array (
  'class' => 'BooksController',
  'plugin' => NULL,
)
Request URL: /cake/books/
Stack Trace:
#0 C:\xampp\htdocs\cake\app\webroot\index.php(117): Dispatcher->dispatch(Object(CakeRequest), Object(CakeResponse))
#1 {main}
2020-05-02 12:19:49 Error: [MissingControllerException] Controller class BooksController could not be found.
Exception Attributes: array (
  'class' => 'BooksController',
  'plugin' => NULL,
)
Request URL: /cake/books/
Stack Trace:
#0 C:\xampp\htdocs\cake\app\webroot\index.php(117): Dispatcher->dispatch(Object(CakeRequest), Object(CakeResponse))
#1 {main}
2020-05-02 12:19:49 Error: [MissingControllerException] Controller class BooksController could not be found.
Exception Attributes: array (
  'class' => 'BooksController',
  'plugin' => NULL,
)
Request URL: /cake/books/
Stack Trace:
#0 C:\xampp\htdocs\cake\app\webroot\index.php(117): Dispatcher->dispatch(Object(CakeRequest), Object(CakeResponse))
#1 {main}
2020-05-02 12:19:49 Error: [MissingControllerException] Controller class BooksController could not be found.
Exception Attributes: array (
  'class' => 'BooksController',
  'plugin' => NULL,
)
Request URL: /cake/books/
Stack Trace:
#0 C:\xampp\htdocs\cake\app\webroot\index.php(117): Dispatcher->dispatch(Object(CakeRequest), Object(CakeResponse))
#1 {main}
2020-05-02 12:23:26 Error: [MissingControllerException] Controller class BooksController could not be found.
Exception Attributes: array (
  'class' => 'BooksController',
  'plugin' => NULL,
)
Request URL: /cake/
Stack Trace:
#0 C:\xampp\htdocs\cake\app\webroot\index.php(117): Dispatcher->dispatch(Object(CakeRequest), Object(CakeResponse))
#1 {main}
2020-05-02 12:27:39 Error: [MissingControllerException] Controller class UsersController could not be found.
Exception Attributes: array (
  'class' => 'UsersController',
  'plugin' => NULL,
)
Request URL: /cake/users
Stack Trace:
#0 C:\xampp\htdocs\cake\app\webroot\index.php(117): Dispatcher->dispatch(Object(CakeRequest), Object(CakeResponse))
#1 {main}
2020-05-02 13:30:14 Error: [MissingControllerException] Controller class EmployeeController could not be found.
Exception Attributes: array (
  'class' => 'EmployeeController',
  'plugin' => NULL,
)
Request URL: /cake/employee
Stack Trace:
#0 C:\xampp\htdocs\cake\app\webroot\index.php(117): Dispatcher->dispatch(Object(CakeRequest), Object(CakeResponse))
#1 {main}
